2024-03-06T04:52:18.745Z - info: [ui] [AppStore] loading 0 repositories from store
2024-03-06T04:52:18.845Z - info: [ui] [Welcome] no sign in step found. ignoring...
2024-03-06T04:52:18.847Z - info: [ui] launching: 3.3.8-linux2 (Linux 6.7.8-zen1-1-zen)
2024-03-06T04:52:18.847Z - info: [ui] execPath: '/opt/github-desktop/github-desktop'
2024-03-06T04:52:18.881Z - info: [ui] Opt in reported.
2024-03-06T04:52:18.928Z - info: [ui] [Welcome] no sign in step found. ignoring...
2024-03-06T04:52:31.492Z - info: [ui] [Welcome] advancing to step: SignInToDotComWithBrowser
2024-03-06T04:52:31.499Z - info: [ui] [SignInStore] initializing OAuth flow
2024-03-06T04:52:31.523Z - info: [main] opening in browser: https://github.com/login/oauth/authorize?client_id=3a723b10ac5575cc5bb9&scope=repo%20user%20workflow&state=14630f85-d3f8-463b-aaa4-57cf71cc5a78
2024-03-06T04:52:31.526Z - info: [ui] [Welcome] current sign in state not found. ignoring...
2024-03-06T04:52:32.037Z - info: [ui] [Welcome] kind Authentication is the same as Authentication. ignoring...
2024-03-06T04:53:01.631Z - info: [main] Received possible protocol arguments: 3
2024-03-06T04:53:01.632Z - info: [main] Processing protocol url
2024-03-06T04:53:01.634Z - info: [ui] [Dispatcher] requesting authenticated user
2024-03-06T04:53:01.645Z - info: [ui] [Welcome] kind Authentication is the same as Authentication. ignoring...
2024-03-06T04:53:01.809Z - info: [main] Received possible protocol arguments: 2
2024-03-06T04:53:01.815Z - info: [main] Processing protocol url
2024-03-06T04:53:03.254Z - info: [ui] [SignInStore] account resolved
2024-03-06T04:53:03.255Z - info: [ui] [AppStore] adding account seelyja71 (idezyn) to store
2024-03-06T04:53:03.256Z - info: [ui] [Welcome] advancing to step: ConfigureGit
2024-03-06T04:53:03.308Z - error: [ui] Error adding account 'seelyja71'
Error: Client public key size is invalid
2024-03-06T04:53:03.320Z - info: [ui] [Welcome] no sign in step found. ignoring...
2024-03-06T04:54:38.634Z - info: [main] Received possible protocol arguments: 3
2024-03-06T04:54:38.636Z - info: [main] Processing protocol url
2024-03-06T04:54:38.638Z - info: [ui] [Dispatcher] requesting authenticated user
2024-03-06T04:54:38.658Z - warn: [ui] requestAuthenticatedUser was not called with valid OAuth state. This is likely due to a browser reloading the callback URL. Contact GitHub Support if you believe this is an error
2024-03-06T04:54:38.770Z - info: [main] Received possible protocol arguments: 2
2024-03-06T04:54:38.776Z - info: [main] Processing protocol url
2024-03-06T04:54:50.720Z - info: [ui] [SignInStore] initializing OAuth flow
2024-03-06T04:54:50.727Z - info: [main] opening in browser: https://github.com/login/oauth/authorize?client_id=3a723b10ac5575cc5bb9&scope=repo%20user%20workflow&state=2db15e20-91c2-4581-99b6-0cb6dbe40ed2
2024-03-06T04:54:55.794Z - info: [main] Received possible protocol arguments: 3
2024-03-06T04:54:55.795Z - info: [main] Processing protocol url
2024-03-06T04:54:55.799Z - info: [ui] [Dispatcher] requesting authenticated user
2024-03-06T04:54:55.972Z - info: [main] Received possible protocol arguments: 2
2024-03-06T04:54:55.977Z - info: [main] Processing protocol url
2024-03-06T04:54:57.376Z - info: [ui] [SignInStore] account resolved
2024-03-06T04:54:57.383Z - info: [ui] [AppStore] adding account seelyja71 (idezyn) to store
2024-03-06T04:54:58.087Z - info: [ui] Subscribed 'seelyja71' to Alive channel
