[2024-02-25 15:14:41.607] [info]  No state version found, assuming empty state.
[2024-02-25 15:17:44.386] [error] Captcha required error response: bc38c8a2-5311-4e8c-9dfc-49e99f6df417
[2024-02-25 15:21:05.160] [error] {
  response: {
    error: 'invalid_grant',
    error_description: 'invalid_username_or_password',
    ErrorModel: {
      Message: 'Username or password is incorrect. Try again.',
      Object: 'error'
    }
  },
  message: 'Username or password is incorrect. Try again.',
  captchaRequired: false,
  statusCode: 400
}
[2024-02-25 15:21:05.261] [error] Received API exception: [object Object]
[2024-02-25 15:21:59.999] [error] {
  response: {
    error: 'invalid_grant',
    error_description: 'invalid_username_or_password',
    ErrorModel: {
      Message: 'Username or password is incorrect. Try again.',
      Object: 'error'
    }
  },
  message: 'Username or password is incorrect. Try again.',
  captchaRequired: false,
  statusCode: 400
}
[2024-02-25 15:22:00.006] [error] Received API exception: [object Object]
[2024-02-25 15:25:35.099] [error] Captcha required error response: bc38c8a2-5311-4e8c-9dfc-49e99f6df417
[2024-02-25 15:27:11.540] [info]  Error: Client public key size is invalid
[2024-02-25 15:27:11.741] [info]  Error: No password found
[2024-02-25 15:27:11.749] [info]  Error: No password found
[2024-02-25 15:27:11.792] [error] Error: Cannot start a HubConnection that is not in the 'Disconnected' state.
    at G._startWithStateTransitions (file:///usr/lib/bitwarden/app.asar/app/vendor.js:2:61054)
    at G.start (file:///usr/lib/bitwarden/app.asar/app/vendor.js:2:60907)
    at Rf.ɵinj.s.cJS.providers.useClass.<anonymous> (file:///usr/lib/bitwarden/app.asar/app/main.js:1:773734)
    at Generator.next (<anonymous>)
    at o (file:///usr/lib/bitwarden/app.asar/app/main.js:1:458547)
    at c.invoke (file:///usr/lib/bitwarden/app.asar/app/vendor.js:2:844077)
    at Object.onInvoke (file:///usr/lib/bitwarden/app.asar/app/vendor.js:2:2222266)
    at c.invoke (file:///usr/lib/bitwarden/app.asar/app/vendor.js:2:844017)
    at o.run (file:///usr/lib/bitwarden/app.asar/app/vendor.js:2:839455)
    at file:///usr/lib/bitwarden/app.asar/app/vendor.js:2:854432
[2024-02-25 15:27:12.058] [info]  Finished search indexing
[2024-02-25 15:27:12.514] [info]  Finished search indexing
[2024-02-25 15:31:05.148] [info]  Finished search indexing
[2024-02-25 15:31:53.399] [info]  Finished search indexing
[2024-02-25 15:40:01.922] [error] TypeError: Object has been destroyed
    at WindowMain.<anonymous> (/usr/lib/bitwarden/app.asar/main.js:48863:36)
    at Generator.next (<anonymous>)
    at /usr/lib/bitwarden/app.asar/main.js:48631:71
    at new Promise (<anonymous>)
    at window_main_awaiter (/usr/lib/bitwarden/app.asar/main.js:48627:12)
    at WindowMain.updateWindowState (/usr/lib/bitwarden/app.asar/main.js:48858:16)
    at WindowMain.<anonymous> (/usr/lib/bitwarden/app.asar/main.js:48792:28)
    at Generator.next (<anonymous>)
    at /usr/lib/bitwarden/app.asar/main.js:48631:71
    at new Promise (<anonymous>)
