00:00:00.686190 VirtualBox GUI VM Selector Window 7.0.14 r161095 linux.amd64 (Jan 19 2024 13:54:29) release log
00:00:00.686192 Log opened 2024-02-28T03:52:44.028513000Z
00:00:00.686193 Build Type: release
00:00:00.686201 OS Product: Linux
00:00:00.686203 OS Release: 6.7.6-zen1-1-zen
00:00:00.686205 OS Version: #1 ZEN SMP PREEMPT_DYNAMIC Fri, 23 Feb 2024 16:32:48 +0000
00:00:00.686226 DMI Product Name: HP Spectre x360 Convertible
00:00:00.686237 DMI Product Version: 
00:00:00.686242 Firmware type: UEFI
00:00:00.686454 Secure Boot: Disabled
00:00:00.686494 Host RAM: 15869MB (15.4GB) total, 14933MB (14.5GB) available
00:00:00.686498 Executable: /usr/lib/virtualbox/VirtualBox
00:00:00.686498 Process ID: 1420
00:00:00.686499 Package type: LINUX_64BITS_GENERIC (OSE)
00:00:00.686529 Qt version: 5.15.12
00:00:00.687296 GUI: UIMediumEnumerator: Initial medium-enumeration finished!
00:00:00.697548 GUI: UIMediumEnumerator: Medium-enumeration started...
00:00:01.371121 GUI: UIDesktopWidgetWatchdog::sltHandleHostScreenAvailableGeometryCalculated: Screen 0 work area is actually resized to: 0x0 x 2560x1410
00:00:01.383689 GUI: UIMediumEnumerator: Medium-enumeration finished!
00:00:12.025939 GUI: UIMediumEnumerator: Medium-enumeration finished!
00:00:30.877868 GUI: UIMediumEnumerator: Medium-enumeration finished!
00:00:33.174681 GUI: UIMediumEnumerator: Medium-enumeration finished!
00:01:00.102103 GUI: UIMediumEnumerator: Medium-enumeration finished!
00:01:29.436872 GUI: UIMediumEnumerator: Medium-enumeration finished!
00:02:06.934710 GUI: UIMediumEnumerator: Medium-enumeration finished!
00:12:47.592959 GUI: UIMediumEnumerator: Medium-enumeration finished!
00:12:50.202699 GUI: UIMediumEnumerator: Medium-enumeration finished!
00:12:51.122073 GUI: UIMediumEnumerator: Medium-enumeration finished!
00:13:02.001982 GUI: UIMediumEnumerator: Medium-enumeration finished!
00:14:20.845968 GUI: UIMediumEnumerator: Medium-enumeration finished!
00:14:49.578974 GUI: UIMediumEnumerator: Medium-enumeration finished!
00:14:51.173170 GUI: UIMediumEnumerator: Medium-enumeration finished!
00:15:03.799124 GUI: UIMediumEnumerator: Medium-enumeration finished!
00:15:39.810200 GUI: UIMediumEnumerator: Medium-enumeration finished!
00:17:56.601148 GUI: UICommon: Handling aboutToQuit request..
00:17:57.630929 GUI: UICommon: aboutToQuit request handled!
