2024-02-22T04:00:13.338Z 0: 

----------------------------------------------
2024-02-22T04:00:13.401Z 1: Discord starting: {"releaseChannel":"stable","version":"0.0.43"}, modulepath: /home/jeff/.config/discord/0.0.43/modules
2024-02-22T04:00:13.423Z 2: ✅ webContents.created web1 ""
2024-02-22T04:00:13.433Z 3: ✅ window.created win1 "discord"
2024-02-22T04:00:14.032Z 4: ✅ webContents.did-finish-load web1
2024-02-22T04:00:21.669Z 5: ✅ webContents.created web2 ""
2024-02-22T04:00:21.696Z 6: ✅ window.created win2 "Discord"
2024-02-22T04:00:24.838Z 7: ✅ webContents.did-finish-load web2
2024-02-22T04:00:24.932Z 8: window.close win1
2024-02-22T04:00:24.971Z 9: webContents.destroyed web1
2024-02-22T04:00:24.978Z 10: window.closed win1
2024-02-22T04:36:24.832Z 11: window.close win2
2024-02-22T06:37:38.208Z 0: 

----------------------------------------------
2024-02-22T06:37:38.254Z 1: Discord starting: {"releaseChannel":"stable","version":"0.0.43"}, modulepath: /home/jeff/.config/discord/0.0.43/modules
2024-02-22T06:37:38.263Z 2: ✅ webContents.created web1 ""
2024-02-22T06:37:38.271Z 3: ✅ window.created win1 "discord"
2024-02-22T06:37:38.610Z 4: ✅ webContents.did-finish-load web1
2024-02-22T06:37:39.136Z 5: ✅ webContents.created web2 ""
2024-02-22T06:37:39.147Z 6: ✅ window.created win2 "Discord"
2024-02-22T06:37:42.167Z 7: ✅ webContents.did-finish-load web2
2024-02-22T06:37:42.268Z 8: window.close win1
2024-02-22T06:37:42.288Z 9: webContents.destroyed web1
2024-02-22T06:37:42.302Z 10: window.closed win1
2024-02-22T06:39:31.557Z 11: window.close win2
2024-02-22T06:39:46.262Z 12: before-quit
2024-02-22T06:39:46.272Z 13: window.close win2
2024-02-22T06:39:46.484Z 14: webContents.destroyed web2
2024-02-23T04:56:16.124Z 0: 

----------------------------------------------
2024-02-23T04:56:16.191Z 1: Discord starting: {"releaseChannel":"stable","version":"0.0.43"}, modulepath: /home/jeff/.config/discord/0.0.43/modules
2024-02-23T04:56:16.224Z 2: ✅ webContents.created web1 ""
2024-02-23T04:56:16.228Z 3: ✅ window.created win1 "discord"
2024-02-23T04:56:16.537Z 4: ✅ webContents.did-finish-load web1
2024-02-23T04:56:16.879Z 5: ✅ webContents.created web2 ""
2024-02-23T04:56:16.887Z 6: ✅ window.created win2 "Discord"
2024-02-23T04:56:19.931Z 7: ✅ webContents.did-finish-load web2
2024-02-23T04:56:20.030Z 8: window.close win1
2024-02-23T04:56:20.056Z 9: webContents.destroyed web1
2024-02-23T04:56:20.071Z 10: window.closed win1
2024-02-23T04:56:21.654Z 11: ✅ webContents.did-finish-load web2
2024-02-24T03:53:02.618Z 0: 

----------------------------------------------
2024-02-24T03:53:02.656Z 1: Discord starting: {"releaseChannel":"stable","version":"0.0.43"}, modulepath: /home/jeff/.config/discord/0.0.43/modules
2024-02-24T03:53:02.666Z 2: ✅ webContents.created web1 ""
2024-02-24T03:53:02.669Z 3: ✅ window.created win1 "discord"
2024-02-24T03:53:03.050Z 4: ✅ webContents.did-finish-load web1
2024-02-24T03:53:03.636Z 5: ✅ webContents.created web2 ""
2024-02-24T03:53:03.650Z 6: ✅ window.created win2 "Discord"
2024-02-24T03:53:06.588Z 7: ✅ webContents.did-finish-load web2
2024-02-24T03:53:06.689Z 8: window.close win1
2024-02-24T03:53:06.716Z 9: webContents.destroyed web1
2024-02-24T03:53:06.725Z 10: window.closed win1
2024-02-24T04:16:34.094Z 11: before-quit
2024-02-24T04:16:34.111Z 12: window.close win2
2024-02-24T04:16:34.163Z 13: webContents.destroyed web2
